<?xml version="1.0" encoding="UTF-8"?>
<testng-results ignored="0" total="6" passed="6" failed="0" skipped="0">
  <reporter-output>
  </reporter-output>
  <suite started-at="2020-01-14T11:23:08 IST" name="Default suite" finished-at="2020-01-14T11:23:14 IST" duration-ms="5569">
    <groups>
    </groups>
    <test started-at="2020-01-14T11:23:08 IST" name="Default test" finished-at="2020-01-14T11:23:14 IST" duration-ms="5569">
      <class name="testObject.HomePageTest">
        <test-method signature="verifyDressesTab()[pri:0, instance:testObject.HomePageTest@613a8ee1]" started-at="2020-01-14T11:23:08 IST" name="verifyDressesTab" finished-at="2020-01-14T11:23:08 IST" duration-ms="128" status="PASS">
          <reporter-output>
          </reporter-output>
        </test-method> <!-- verifyDressesTab -->
        <test-method signature="verifyNaviagteToDressesTab()[pri:0, instance:testObject.HomePageTest@613a8ee1]" started-at="2020-01-14T11:23:08 IST" name="verifyNaviagteToDressesTab" finished-at="2020-01-14T11:23:10 IST" duration-ms="2029" status="PASS">
          <reporter-output>
          </reporter-output>
        </test-method> <!-- verifyNaviagteToDressesTab -->
        <test-method signature="verifyNaviagteToTShirtsTab()[pri:0, instance:testObject.HomePageTest@613a8ee1]" started-at="2020-01-14T11:23:10 IST" name="verifyNaviagteToTShirtsTab" finished-at="2020-01-14T11:23:12 IST" duration-ms="1464" status="PASS">
          <reporter-output>
          </reporter-output>
        </test-method> <!-- verifyNaviagteToTShirtsTab -->
        <test-method signature="verifyNaviagteToWomenTab()[pri:0, instance:testObject.HomePageTest@613a8ee1]" started-at="2020-01-14T11:23:12 IST" name="verifyNaviagteToWomenTab" finished-at="2020-01-14T11:23:13 IST" duration-ms="1656" status="PASS">
          <reporter-output>
          </reporter-output>
        </test-method> <!-- verifyNaviagteToWomenTab -->
        <test-method signature="verifyTShirtsTab()[pri:0, instance:testObject.HomePageTest@613a8ee1]" started-at="2020-01-14T11:23:13 IST" name="verifyTShirtsTab" finished-at="2020-01-14T11:23:13 IST" duration-ms="48" status="PASS">
          <reporter-output>
          </reporter-output>
        </test-method> <!-- verifyTShirtsTab -->
        <test-method signature="verifyWomenTab()[pri:0, instance:testObject.HomePageTest@613a8ee1]" started-at="2020-01-14T11:23:13 IST" name="verifyWomenTab" finished-at="2020-01-14T11:23:14 IST" duration-ms="177" status="PASS">
          <reporter-output>
          </reporter-output>
        </test-method> <!-- verifyWomenTab -->
      </class> <!-- testObject.HomePageTest -->
    </test> <!-- Default test -->
  </suite> <!-- Default suite -->
</testng-results>
